::1 - - [24/Dec/2024:08:37:19 +0300] "GET /index.php HTTP/1.1" 200 289
::1 - - [24/Dec/2024:08:37:20 +0300] "GET /favicon.ico HTTP/1.1" 404 196
::1 - - [24/Dec/2024:08:38:19 +0300] "-" 408 -
::1 - - [24/Dec/2024:14:07:47 +0300] "GET /index.php HTTP/1.1" 200 289
::1 - - [24/Dec/2024:14:07:51 +0300] "GET /form_login.php HTTP/1.1" 200 1218
::1 - - [24/Dec/2024:14:07:51 +0300] "GET /style.css HTTP/1.1" 404 196
::1 - - [24/Dec/2024:14:08:16 +0300] "GET /form_registration.php HTTP/1.1" 200 5022
::1 - - [24/Dec/2024:14:09:16 +0300] "-" 408 -
::1 - - [24/Dec/2024:14:12:48 +0300] "GET /form_registration.php HTTP/1.1" 200 5022
::1 - - [24/Dec/2024:14:13:48 +0300] "-" 408 -
::1 - - [24/Dec/2024:14:18:49 +0300] "GET /form_login.php HTTP/1.1" 200 1218
::1 - - [24/Dec/2024:14:18:56 +0300] "GET /index.php HTTP/1.1" 200 1574
::1 - - [24/Dec/2024:14:19:56 +0300] "-" 408 -
::1 - - [24/Dec/2024:14:20:47 +0300] "GET /form_login.php HTTP/1.1" 200 2507
::1 - - [24/Dec/2024:14:20:47 +0300] "GET /style.css HTTP/1.1" 404 196
::1 - - [24/Dec/2024:14:21:47 +0300] "-" 408 -
::1 - - [24/Dec/2024:14:36:50 +0300] "GET /index.php HTTP/1.1" 200 2126
::1 - - [24/Dec/2024:14:36:50 +0300] "GET /styles.css HTTP/1.1" 404 196
::1 - - [24/Dec/2024:14:36:50 +0300] "GET /scripts.js HTTP/1.1" 404 196
::1 - - [24/Dec/2024:14:37:20 +0300] "GET /form_registration.php HTTP/1.1" 200 5020
::1 - - [24/Dec/2024:14:37:23 +0300] "GET /form_login.php HTTP/1.1" 200 2507
::1 - - [24/Dec/2024:14:37:23 +0300] "GET /style.css HTTP/1.1" 404 196
::1 - - [24/Dec/2024:14:37:27 +0300] "GET /form_login.php HTTP/1.1" 200 2507
::1 - - [24/Dec/2024:14:37:27 +0300] "GET /style.css HTTP/1.1" 404 196
::1 - - [24/Dec/2024:14:37:31 +0300] "GET /form_registration.php HTTP/1.1" 200 5020
::1 - - [24/Dec/2024:14:37:35 +0300] "GET /form_login.php HTTP/1.1" 200 2507
::1 - - [24/Dec/2024:14:38:20 +0300] "-" 408 -
::1 - - [24/Dec/2024:14:43:43 +0300] "GET /form_login.php HTTP/1.1" 200 2507
::1 - - [24/Dec/2024:14:43:43 +0300] "GET /style.css HTTP/1.1" 404 196
::1 - - [24/Dec/2024:14:43:48 +0300] "GET /index.php HTTP/1.1" 200 1323
::1 - - [24/Dec/2024:14:43:48 +0300] "GET /styles.php HTTP/1.1" 404 196
::1 - - [24/Dec/2024:14:43:48 +0300] "GET /scripts.js HTTP/1.1" 200 10839
::1 - - [24/Dec/2024:14:43:48 +0300] "GET /get_products.php HTTP/1.1" 404 196
::1 - - [24/Dec/2024:14:43:48 +0300] "GET /get_basket.php HTTP/1.1" 404 196
::1 - - [24/Dec/2024:18:27:58 +0300] "GET /index.php HTTP/1.1" 200 239
::1 - - [24/Dec/2024:18:28:05 +0300] "GET /index.php HTTP/1.1" 200 239
::1 - - [24/Dec/2024:18:29:05 +0300] "-" 408 -
::1 - - [08/Jan/2025:03:47:14 +0300] "GET /index.php HTTP/1.1" 200 239
::1 - - [08/Jan/2025:03:47:16 +0300] "GET /favicon.ico HTTP/1.1" 404 196
::1 - - [08/Jan/2025:20:46:12 +0300] "GET /form_login.php HTTP/1.1" 200 1214
::1 - - [08/Jan/2025:20:46:12 +0300] "GET /style.css HTTP/1.1" 404 196
::1 - - [08/Jan/2025:20:47:12 +0300] "-" 408 -
::1 - - [09/Jan/2025:12:23:50 +0300] "GET /form_login.php HTTP/1.1" 200 1214
::1 - - [09/Jan/2025:12:23:50 +0300] "GET /style.css HTTP/1.1" 404 196
::1 - - [09/Jan/2025:12:23:51 +0300] "GET /favicon.ico HTTP/1.1" 404 196
::1 - - [09/Jan/2025:12:24:50 +0300] "-" 408 -
::1 - - [09/Jan/2025:22:07:52 +0300] "GET /form_login.php HTTP/1.1" 200 1214
::1 - - [09/Jan/2025:22:07:52 +0300] "GET /style.css HTTP/1.1" 404 196
::1 - - [09/Jan/2025:22:07:54 +0300] "GET /favicon.ico HTTP/1.1" 404 196
::1 - - [09/Jan/2025:22:08:52 +0300] "-" 408 -
::1 - - [10/Jan/2025:02:07:27 +0300] "GET /form_login.php HTTP/1.1" 200 1214
::1 - - [10/Jan/2025:02:07:29 +0300] "GET /favicon.ico HTTP/1.1" 404 196
::1 - - [10/Jan/2025:02:08:27 +0300] "-" 408 -
::1 - - [10/Jan/2025:18:29:15 +0300] "GET /form_login.php HTTP/1.1" 200 1214
::1 - - [10/Jan/2025:18:29:19 +0300] "GET /favicon.ico HTTP/1.1" 404 196
::1 - - [10/Jan/2025:18:30:15 +0300] "-" 408 -
::1 - - [11/Jan/2025:15:01:48 +0300] "GET /form_login.php HTTP/1.1" 200 1214
::1 - - [11/Jan/2025:15:01:48 +0300] "GET /style.css HTTP/1.1" 404 196
::1 - - [11/Jan/2025:15:01:50 +0300] "GET /favicon.ico HTTP/1.1" 404 196
::1 - - [12/Jan/2025:15:57:15 +0300] "GET /form_login.php HTTP/1.1" 200 1214
::1 - - [12/Jan/2025:15:57:19 +0300] "GET /style.css HTTP/1.1" 404 196
::1 - - [12/Jan/2025:15:57:19 +0300] "GET /favicon.ico HTTP/1.1" 404 196
::1 - - [12/Jan/2025:15:58:15 +0300] "-" 408 -
::1 - - [17/Jan/2025:03:36:24 +0300] "GET /form_login.php HTTP/1.1" 200 1214
::1 - - [17/Jan/2025:03:36:24 +0300] "GET /style.css HTTP/1.1" 404 196
::1 - - [17/Jan/2025:03:36:25 +0300] "GET /favicon.ico HTTP/1.1" 404 196
::1 - - [17/Jan/2025:03:37:24 +0300] "-" 408 -
::1 - - [19/Jan/2025:02:08:35 +0300] "GET /form_login.php HTTP/1.1" 200 1214
::1 - - [19/Jan/2025:02:08:35 +0300] "GET /style.css HTTP/1.1" 404 196
::1 - - [19/Jan/2025:02:08:37 +0300] "GET /favicon.ico HTTP/1.1" 404 196
::1 - - [19/Jan/2025:02:09:35 +0300] "-" 408 -
::1 - - [20/Jan/2025:02:08:15 +0300] "GET /form_login.php HTTP/1.1" 200 1214
::1 - - [20/Jan/2025:02:08:15 +0300] "GET /style.css HTTP/1.1" 404 196
::1 - - [20/Jan/2025:02:08:16 +0300] "GET /favicon.ico HTTP/1.1" 404 196
::1 - - [20/Jan/2025:02:09:15 +0300] "-" 408 -
::1 - - [20/Jan/2025:14:07:26 +0300] "GET /form_registration.php HTTP/1.1" 200 3702
::1 - - [20/Jan/2025:14:07:26 +0300] "GET /styles.css HTTP/1.1" 200 1248
::1 - - [20/Jan/2025:14:08:26 +0300] "-" 408 -
::1 - - [21/Jan/2025:17:35:36 +0300] "GET /MAMP/ HTTP/1.1" 404 196
::1 - - [21/Jan/2025:17:36:36 +0300] "-" 408 -
